<?xml version="1.0" encoding="UTF-8"?>
<testsuite name="capture.the.sequence.SequenceApplicationTests" tests="1" skipped="0" failures="0" errors="0" timestamp="2022-01-16T08:14:14" hostname="DESKTOP-1ROQ4T4" time="0.062">
  <properties/>
  <testcase name="contextLoads()" classname="capture.the.sequence.SequenceApplicationTests" time="0.062"/>
  <system-out><![CDATA[17:14:10.654 [Test worker] DEBUG org.springframework.test.context.BootstrapUtils - Instantiating CacheAwareContextLoaderDelegate from class [org.springframework.test.context.cache.DefaultCacheAwareContextLoaderDelegate]
17:14:10.654 [Test worker] DEBUG org.springframework.test.context.BootstrapUtils - Instantiating BootstrapContext using constructor [public org.springframework.test.context.support.DefaultBootstrapContext(java.lang.Class,org.springframework.test.context.CacheAwareContextLoaderDelegate)]
17:14:10.685 [Test worker] DEBUG org.springframework.test.context.BootstrapUtils - Instantiating TestContextBootstrapper for test class [capture.the.sequence.SequenceApplicationTests] from class [org.springframework.boot.test.context.SpringBootTestContextBootstrapper]
17:14:10.685 [Test worker] INFO org.springframework.boot.test.context.SpringBootTestContextBootstrapper - Neither @ContextConfiguration nor @ContextHierarchy found for test class [capture.the.sequence.SequenceApplicationTests], using SpringBootContextLoader
17:14:10.701 [Test worker] DEBUG org.springframework.test.context.support.AbstractContextLoader - Did not detect default resource location for test class [capture.the.sequence.SequenceApplicationTests]: class path resource [capture/the/sequence/SequenceApplicationTests-context.xml] does not exist
17:14:10.701 [Test worker] DEBUG org.springframework.test.context.support.AbstractContextLoader - Did not detect default resource location for test class [capture.the.sequence.SequenceApplicationTests]: class path resource [capture/the/sequence/SequenceApplicationTestsContext.groovy] does not exist
17:14:10.701 [Test worker] INFO org.springframework.test.context.support.AbstractContextLoader - Could not detect default resource locations for test class [capture.the.sequence.SequenceApplicationTests]: no resource found for suffixes {-context.xml, Context.groovy}.
17:14:10.701 [Test worker] INFO org.springframework.test.context.support.AnnotationConfigContextLoaderUtils - Could not detect default configuration classes for test class [capture.the.sequence.SequenceApplicationTests]: SequenceApplicationTests does not declare any static, non-private, non-final, nested classes annotated with @Configuration.
17:14:10.716 [Test worker] DEBUG org.springframework.test.context.support.ActiveProfilesUtils - Could not find an 'annotation declaring class' for annotation type [org.springframework.test.context.ActiveProfiles] and class [capture.the.sequence.SequenceApplicationTests]
17:14:10.763 [Test worker] DEBUG org.springframework.context.annotation.ClassPathScanningCandidateComponentProvider - Identified candidate component class: file [D:\git\CaptureTheSequence\sequence\build\classes\java\main\capture\the\sequence\SequenceApplication.class]
17:14:10.763 [Test worker] INFO org.springframework.boot.test.context.SpringBootTestContextBootstrapper - Found @SpringBootConfiguration capture.the.sequence.SequenceApplication for test class capture.the.sequence.SequenceApplicationTests
17:14:10.826 [Test worker] DEBUG org.springframework.boot.test.context.SpringBootTestContextBootstrapper - @TestExecutionListeners is not present for class [capture.the.sequence.SequenceApplicationTests]: using defaults.
17:14:10.826 [Test worker] INFO org.springframework.boot.test.context.SpringBootTestContextBootstrapper - Loaded default TestExecutionListener class names from location [META-INF/spring.factories]: [org.springframework.boot.test.autoconfigure.restdocs.RestDocsTestExecutionListener, org.springframework.boot.test.autoconfigure.web.client.MockRestServiceServerResetTestExecutionListener, org.springframework.boot.test.autoconfigure.web.servlet.MockMvcPrintOnlyOnFailureTestExecutionListener, org.springframework.boot.test.autoconfigure.web.servlet.WebDriverTestExecutionListener, org.springframework.boot.test.autoconfigure.webservices.client.MockWebServiceServerTestExecutionListener, org.springframework.boot.test.mock.mockito.MockitoTestExecutionListener, org.springframework.boot.test.mock.mockito.ResetMocksTestExecutionListener, org.springframework.test.context.web.ServletTestExecutionListener, org.springframework.test.context.support.DirtiesContextBeforeModesTestExecutionListener, org.springframework.test.context.event.ApplicationEventsTestExecutionListener, org.springframework.test.context.support.DependencyInjectionTestExecutionListener, org.springframework.test.context.support.DirtiesContextTestExecutionListener, org.springframework.test.context.transaction.TransactionalTestExecutionListener, org.springframework.test.context.jdbc.SqlScriptsTestExecutionListener, org.springframework.test.context.event.EventPublishingTestExecutionListener]
17:14:10.841 [Test worker] INFO org.springframework.boot.test.context.SpringBootTestContextBootstrapper - Using TestExecutionListeners: [org.springframework.test.context.web.ServletTestExecutionListener@38875e7d, org.springframework.test.context.support.DirtiesContextBeforeModesTestExecutionListener@1e886a5b, org.springframework.test.context.event.ApplicationEventsTestExecutionListener@d816dde, org.springframework.boot.test.mock.mockito.MockitoTestExecutionListener@6e33c391, org.springframework.boot.test.autoconfigure.SpringBootDependencyInjectionTestExecutionListener@6c451c9c, org.springframework.test.context.support.DirtiesContextTestExecutionListener@31c269fd, org.springframework.test.context.transaction.TransactionalTestExecutionListener@372b0d86, org.springframework.test.context.jdbc.SqlScriptsTestExecutionListener@47747fb9, org.springframework.test.context.event.EventPublishingTestExecutionListener@3113a37, org.springframework.boot.test.autoconfigure.restdocs.RestDocsTestExecutionListener@213e3629, org.springframework.boot.test.autoconfigure.web.client.MockRestServiceServerResetTestExecutionListener@4e9658b5, org.springframework.boot.test.autoconfigure.web.servlet.MockMvcPrintOnlyOnFailureTestExecutionListener@2a7b6f69, org.springframework.boot.test.autoconfigure.web.servlet.WebDriverTestExecutionListener@20312893, org.springframework.boot.test.autoconfigure.webservices.client.MockWebServiceServerTestExecutionListener@70eecdc2, org.springframework.boot.test.mock.mockito.ResetMocksTestExecutionListener@c41709a]
17:14:10.841 [Test worker] DEBUG org.springframework.test.context.support.AbstractDirtiesContextTestExecutionListener - Before test class: context [DefaultTestContext@52d10fb8 testClass = SequenceApplicationTests, testInstance = [null], testMethod = [null], testException = [null], mergedContextConfiguration = [WebMergedContextConfiguration@41c07648 testClass = SequenceApplicationTests, locations = '{}', classes = '{class capture.the.sequence.SequenceApplication}', contextInitializerClasses = '[]', activeProfiles = '{}', propertySourceLocations = '{}', propertySourceProperties = '{org.springframework.boot.test.context.SpringBootTestContextBootstrapper=true}', contextCustomizers = set[org.springframework.boot.test.autoconfigure.actuate.metrics.MetricsExportContextCustomizerFactory$DisableMetricExportContextCustomizer@625abb97, org.springframework.boot.test.autoconfigure.properties.PropertyMappingContextCustomizer@0, org.springframework.boot.test.autoconfigure.web.servlet.WebDriverContextCustomizerFactory$Customizer@18025ced, org.springframework.boot.test.context.filter.ExcludeFilterContextCustomizer@3f0846c6, org.springframework.boot.test.json.DuplicateJsonObjectContextCustomizerFactory$DuplicateJsonObjectContextCustomizer@3e10dc6, org.springframework.boot.test.mock.mockito.MockitoContextCustomizer@0, org.springframework.boot.test.web.client.TestRestTemplateContextCustomizer@5c00384f, org.springframework.boot.test.context.SpringBootTestArgs@1, org.springframework.boot.test.context.SpringBootTestWebEnvironment@747f281], resourceBasePath = 'src/main/webapp', contextLoader = 'org.springframework.boot.test.context.SpringBootContextLoader', parent = [null]], attributes = map['org.springframework.test.context.web.ServletTestExecutionListener.activateListener' -> true]], class annotated with @DirtiesContext [false] with mode [null].
17:14:10.872 [Test worker] DEBUG org.springframework.test.context.support.TestPropertySourceUtils - Adding inlined properties to environment: {spring.jmx.enabled=false, org.springframework.boot.test.context.SpringBootTestContextBootstrapper=true}

  .   ____          _            __ _ _
 /\\ / ___'_ __ _ _(_)_ __  __ _ \ \ \ \
( ( )\___ | '_ | '_| | '_ \/ _` | \ \ \ \
 \\/  ___)| |_)| | | | | || (_| |  ) ) ) )
  '  |____| .__|_| |_|_| |_\__, | / / / /
 =========|_|==============|___/=/_/_/_/
 :: Spring Boot ::                (v2.5.6)

2022-01-16 17:14:11.044  INFO 20688 --- [    Test worker] c.the.sequence.SequenceApplicationTests  : Starting SequenceApplicationTests using Java 11.0.12 on DESKTOP-1ROQ4T4 with PID 20688 (started by Yun in D:\git\CaptureTheSequence\sequence)
2022-01-16 17:14:11.044  INFO 20688 --- [    Test worker] c.the.sequence.SequenceApplicationTests  : No active profile set, falling back to default profiles: default
2022-01-16 17:14:11.462  INFO 20688 --- [    Test worker] .s.d.r.c.RepositoryConfigurationDelegate : Bootstrapping Spring Data JPA repositories in DEFAULT mode.
2022-01-16 17:14:11.509  INFO 20688 --- [    Test worker] .s.d.r.c.RepositoryConfigurationDelegate : Finished Spring Data repository scanning in 37 ms. Found 2 JPA repository interfaces.
2022-01-16 17:14:11.879  INFO 20688 --- [    Test worker] o.hibernate.jpa.internal.util.LogHelper  : HHH000204: Processing PersistenceUnitInfo [name: default]
2022-01-16 17:14:11.901  INFO 20688 --- [    Test worker] org.hibernate.Version                    : HHH000412: Hibernate ORM core version 5.4.32.Final
2022-01-16 17:14:11.995  INFO 20688 --- [    Test worker] o.hibernate.annotations.common.Version   : HCANN000001: Hibernate Commons Annotations {5.1.2.Final}
2022-01-16 17:14:12.073  INFO 20688 --- [    Test worker] com.zaxxer.hikari.HikariDataSource       : HikariPool-1 - Starting...
2022-01-16 17:14:12.479  INFO 20688 --- [    Test worker] com.zaxxer.hikari.HikariDataSource       : HikariPool-1 - Start completed.
2022-01-16 17:14:12.495  INFO 20688 --- [    Test worker] org.hibernate.dialect.Dialect            : HHH000400: Using dialect: org.hibernate.dialect.MySQL8Dialect
2022-01-16 17:14:12.635  WARN 20688 --- [    Test worker] org.hibernate.id.UUIDHexGenerator        : HHH000409: Using org.hibernate.id.UUIDHexGenerator which does not generate IETF RFC 4122 compliant UUID values; consider using org.hibernate.id.UUIDGenerator instead
Hibernate: 
    
    alter table price_entity 
       drop 
       foreign key FKdx7r4maxl5tnb1pp6ngdpm499
Hibernate: 
    
    drop table if exists hibernate_sequence
Hibernate: 
    
    drop table if exists price_entity
Hibernate: 
    
    drop table if exists user_entity
Hibernate: 
    
    create table hibernate_sequence (
       next_val bigint
    ) engine=InnoDB
Hibernate: 
    
    insert into hibernate_sequence values ( 1 )
Hibernate: 
    
    create table price_entity (
       price_id bigint not null,
        closing_price double precision,
        item_name varchar(255),
        market_date date,
        price_table_category integer,
        starting_price double precision,
        user_id varchar(255),
        primary key (price_id)
    ) engine=InnoDB
Hibernate: 
    
    create table user_entity (
       user_id varchar(255) not null,
        approved bit not null,
        created_at datetime(6),
        email varchar(255),
        password varchar(255),
        user_category integer,
        username varchar(255),
        primary key (user_id)
    ) engine=InnoDB
Hibernate: 
    
    alter table user_entity 
       add constraint UK4xad1enskw4j1t2866f7sodrx unique (email)
Hibernate: 
    
    alter table price_entity 
       add constraint FKdx7r4maxl5tnb1pp6ngdpm499 
       foreign key (user_id) 
       references user_entity (user_id)
2022-01-16 17:14:13.417  INFO 20688 --- [    Test worker] o.h.e.t.j.p.i.JtaPlatformInitiator       : HHH000490: Using JtaPlatform implementation: [org.hibernate.engine.transaction.jta.platform.internal.NoJtaPlatform]
2022-01-16 17:14:13.432  INFO 20688 --- [    Test worker] j.LocalContainerEntityManagerFactoryBean : Initialized JPA EntityManagerFactory for persistence unit 'default'
2022-01-16 17:14:13.495  WARN 20688 --- [    Test worker] JpaBaseConfiguration$JpaWebConfiguration : spring.jpa.open-in-view is enabled by default. Therefore, database queries may be performed during view rendering. Explicitly configure spring.jpa.open-in-view to disable this warning
Hibernate: 
    select
        userentity0_.user_id as col_0_0_ 
    from
        user_entity userentity0_ 
    where
        userentity0_.email=? limit ?
Hibernate: 
    insert 
    into
        user_entity
        (approved, created_at, email, password, user_category, username, user_id) 
    values
        (?, ?, ?, ?, ?, ?, ?)
Hibernate: 
    select
        userentity0_.user_id as col_0_0_ 
    from
        user_entity userentity0_ 
    where
        userentity0_.email=? limit ?
Hibernate: 
    insert 
    into
        user_entity
        (approved, created_at, email, password, user_category, username, user_id) 
    values
        (?, ?, ?, ?, ?, ?, ?)
Hibernate: 
    select
        userentity0_.user_id as col_0_0_ 
    from
        user_entity userentity0_ 
    where
        userentity0_.email=? limit ?
Hibernate: 
    insert 
    into
        user_entity
        (approved, created_at, email, password, user_category, username, user_id) 
    values
        (?, ?, ?, ?, ?, ?, ?)
Hibernate: 
    select
        userentity0_.user_id as col_0_0_ 
    from
        user_entity userentity0_ 
    where
        userentity0_.email=? limit ?
Hibernate: 
    insert 
    into
        user_entity
        (approved, created_at, email, password, user_category, username, user_id) 
    values
        (?, ?, ?, ?, ?, ?, ?)
Hibernate: 
    select
        userentity0_.user_id as col_0_0_ 
    from
        user_entity userentity0_ 
    where
        userentity0_.email=? limit ?
Hibernate: 
    insert 
    into
        user_entity
        (approved, created_at, email, password, user_category, username, user_id) 
    values
        (?, ?, ?, ?, ?, ?, ?)
Hibernate: 
    select
        userentity0_.user_id as col_0_0_ 
    from
        user_entity userentity0_ 
    where
        userentity0_.email=? limit ?
Hibernate: 
    insert 
    into
        user_entity
        (approved, created_at, email, password, user_category, username, user_id) 
    values
        (?, ?, ?, ?, ?, ?, ?)
2022-01-16 17:14:14.464  INFO 20688 --- [    Test worker] .s.s.UserDetailsServiceAutoConfiguration : 

Using generated security password: a0de8a6e-43c9-47e1-9045-4de07e8834bb

2022-01-16 17:14:14.511  INFO 20688 --- [    Test worker] o.s.s.web.DefaultSecurityFilterChain     : Will secure Ant [pattern='/file/getPriceTableCategoryList'] with []
2022-01-16 17:14:14.511  INFO 20688 --- [    Test worker] o.s.s.web.DefaultSecurityFilterChain     : Will secure Ant [pattern='/strategy/getStrategies'] with []
2022-01-16 17:14:14.730  INFO 20688 --- [    Test worker] o.s.s.web.DefaultSecurityFilterChain     : Will secure any request with [org.springframework.security.web.context.request.async.WebAsyncManagerIntegrationFilter@718e700c, org.springframework.security.web.context.SecurityContextPersistenceFilter@7fa86ddd, org.springframework.security.web.header.HeaderWriterFilter@74691677, org.springframework.web.filter.CorsFilter@5b5e45bc, capture.the.sequence.security.JwtAuthenticationFilter@1dac0784, org.springframework.security.web.authentication.logout.LogoutFilter@3f1d4ecf, org.springframework.security.web.savedrequest.RequestCacheAwareFilter@c770b57, org.springframework.security.web.servletapi.SecurityContextHolderAwareRequestFilter@2eb31735, org.springframework.security.web.authentication.AnonymousAuthenticationFilter@10c1682b, org.springframework.security.web.session.SessionManagementFilter@743f58c3, org.springframework.security.web.access.ExceptionTranslationFilter@ad6448e, org.springframework.security.web.access.intercept.FilterSecurityInterceptor@2ef812b]
2022-01-16 17:14:14.948  INFO 20688 --- [    Test worker] c.the.sequence.SequenceApplicationTests  : Started SequenceApplicationTests in 4.083 seconds (JVM running for 5.035)
]]></system-out>
  <system-err><![CDATA[]]></system-err>
</testsuite>
