<?xml version="1.0" encoding="UTF-8"?>
<testsuite name="capture.the.sequence.SequenceApplicationTests" tests="1" skipped="0" failures="0" errors="0" timestamp="2022-02-05T06:36:07" hostname="DESKTOP-1ROQ4T4" time="0.01">
  <properties/>
  <testcase name="contextLoads()" classname="capture.the.sequence.SequenceApplicationTests" time="0.01"/>
  <system-out><![CDATA[]]></system-out>
  <system-err><![CDATA[]]></system-err>
</testsuite>
